<?xml version="1.0" encoding="UTF-8"?>
<testsuite name="com.kjune.tdd.DollarTest" tests="1" skipped="0" failures="0" errors="0" timestamp="2020-06-03T05:50:43" hostname="402-22" time="0.095">
  <properties/>
  <testcase name="testMultiplication()" classname="com.kjune.tdd.DollarTest" time="0.095"/>
  <system-out><![CDATA[]]></system-out>
  <system-err><![CDATA[]]></system-err>
</testsuite>
